<?xml version="1.0" encoding="UTF-8"?>
<coverage generated="1777936093095" clover="3.2.0">
  <project timestamp="1777936093095" name="All files">
    <metrics statements="57" coveredstatements="28" conditionals="16" coveredconditionals="3" methods="21" coveredmethods="6" elements="94" coveredelements="37" complexity="0" loc="57" ncloc="57" packages="3" files="5" classes="5"/>
    <package name="api">
      <metrics statements="1" coveredstatements="1" conditionals="0" coveredconditionals="0" methods="0" coveredmethods="0"/>
      <file name="axios.ts" path="/home/jdvalmart/proyectos/book-tracker/frontend/src/api/axios.ts">
        <metrics statements="1" coveredstatements="1" conditionals="0" coveredconditionals="0" methods="0" coveredmethods="0"/>
        <line num="3" count="3" type="stmt"/>
      </file>
    </package>
    <package name="components">
      <metrics statements="25" coveredstatements="11" conditionals="12" coveredconditionals="1" methods="9" coveredmethods="2"/>
      <file name="BookForm.tsx" path="/home/jdvalmart/proyectos/book-tracker/frontend/src/components/BookForm.tsx">
        <metrics statements="13" coveredstatements="6" conditionals="4" coveredconditionals="0" methods="4" coveredmethods="1"/>
        <line num="4" count="1" type="stmt"/>
        <line num="5" count="3" type="stmt"/>
        <line num="6" count="3" type="stmt"/>
        <line num="7" count="3" type="stmt"/>
        <line num="9" count="3" type="stmt"/>
        <line num="10" count="0" type="stmt"/>
        <line num="11" count="0" type="cond" truecount="0" falsecount="4"/>
        <line num="13" count="0" type="stmt"/>
        <line num="14" count="0" type="stmt"/>
        <line num="15" count="0" type="stmt"/>
        <line num="18" count="3" type="stmt"/>
        <line num="27" count="0" type="stmt"/>
        <line num="34" count="0" type="stmt"/>
      </file>
      <file name="BookItem.tsx" path="/home/jdvalmart/proyectos/book-tracker/frontend/src/components/BookItem.tsx">
        <metrics statements="6" coveredstatements="1" conditionals="6" coveredconditionals="0" methods="3" coveredmethods="0"/>
        <line num="8" count="1" type="stmt"/>
        <line num="9" count="0" type="stmt"/>
        <line num="11" count="0" type="stmt"/>
        <line num="12" count="0" type="stmt"/>
        <line num="15" count="0" type="stmt"/>
        <line num="33" count="0" type="stmt"/>
      </file>
      <file name="BookList.tsx" path="/home/jdvalmart/proyectos/book-tracker/frontend/src/components/BookList.tsx">
        <metrics statements="6" coveredstatements="4" conditionals="2" coveredconditionals="1" methods="2" coveredmethods="1"/>
        <line num="4" count="1" type="stmt"/>
        <line num="5" count="1" type="stmt"/>
        <line num="7" count="1" type="cond" truecount="1" falsecount="1"/>
        <line num="8" count="1" type="stmt"/>
        <line num="11" count="0" type="stmt"/>
        <line num="14" count="0" type="stmt"/>
      </file>
    </package>
    <package name="context">
      <metrics statements="31" coveredstatements="16" conditionals="4" coveredconditionals="2" methods="12" coveredmethods="4"/>
      <file name="BookContext.tsx" path="/home/jdvalmart/proyectos/book-tracker/frontend/src/context/BookContext.tsx">
        <metrics statements="31" coveredstatements="16" conditionals="4" coveredconditionals="2" methods="12" coveredmethods="4"/>
        <line num="14" count="3" type="stmt"/>
        <line num="16" count="3" type="stmt"/>
        <line num="17" count="4" type="stmt"/>
        <line num="19" count="4" type="stmt"/>
        <line num="20" count="4" type="stmt"/>
        <line num="21" count="4" type="stmt"/>
        <line num="22" count="0" type="stmt"/>
        <line num="24" count="0" type="stmt"/>
        <line num="28" count="4" type="stmt"/>
        <line num="29" count="0" type="stmt"/>
        <line num="30" count="0" type="stmt"/>
        <line num="31" count="0" type="stmt"/>
        <line num="33" count="0" type="stmt"/>
        <line num="37" count="4" type="stmt"/>
        <line num="38" count="0" type="stmt"/>
        <line num="39" count="0" type="stmt"/>
        <line num="40" count="0" type="stmt"/>
        <line num="45" count="0" type="cond" truecount="0" falsecount="2"/>
        <line num="47" count="0" type="stmt"/>
        <line num="51" count="4" type="stmt"/>
        <line num="52" count="0" type="stmt"/>
        <line num="53" count="0" type="stmt"/>
        <line num="54" count="0" type="stmt"/>
        <line num="56" count="0" type="stmt"/>
        <line num="60" count="4" type="stmt"/>
        <line num="61" count="4" type="stmt"/>
        <line num="64" count="4" type="stmt"/>
        <line num="73" count="3" type="stmt"/>
        <line num="74" count="7" type="stmt"/>
        <line num="75" count="7" type="cond" truecount="2" falsecount="0"/>
        <line num="76" count="4" type="stmt"/>
      </file>
    </package>
  </project>
</coverage>
