{"/home/jdvalmart/proyectos/book-tracker/frontend/src/api/axios.ts": {"path":"/home/jdvalmart/proyectos/book-tracker/frontend/src/api/axios.ts","statementMap":{"0":{"start":{"line":3,"column":12},"end":{"line":8,"column":null}}},"fnMap":{},"branchMap":{},"s":{"0":3},"f":{},"b":{},"meta":{"lastBranch":0,"lastFunction":0,"lastStatement":1,"seen":{"s:3:12:8:Infinity":0}}}
,"/home/jdvalmart/proyectos/book-tracker/frontend/src/components/BookForm.tsx": {"path":"/home/jdvalmart/proyectos/book-tracker/frontend/src/components/BookForm.tsx","statementMap":{"0":{"start":{"line":4,"column":24},"end":{"line":45,"column":null}},"1":{"start":{"line":5,"column":18},"end":{"line":5,"column":null}},"2":{"start":{"line":6,"column":24},"end":{"line":6,"column":null}},"3":{"start":{"line":7,"column":24},"end":{"line":7,"column":null}},"4":{"start":{"line":9,"column":23},"end":{"line":16,"column":null}},"5":{"start":{"line":10,"column":4},"end":{"line":10,"column":null}},"6":{"start":{"line":11,"column":4},"end":{"line":11,"column":null}},"7":{"start":{"line":11,"column":40},"end":{"line":11,"column":null}},"8":{"start":{"line":13,"column":4},"end":{"line":13,"column":null}},"9":{"start":{"line":14,"column":4},"end":{"line":14,"column":null}},"10":{"start":{"line":15,"column":4},"end":{"line":15,"column":null}},"11":{"start":{"line":18,"column":2},"end":{"line":43,"column":null}},"12":{"start":{"line":27,"column":25},"end":{"line":27,"column":null}},"13":{"start":{"line":34,"column":25},"end":{"line":34,"column":null}}},"fnMap":{"0":{"name":"(anonymous_0)","decl":{"start":{"line":4,"column":24},"end":{"line":4,"column":30}},"loc":{"start":{"line":4,"column":30},"end":{"line":45,"column":null}},"line":4},"1":{"name":"(anonymous_1)","decl":{"start":{"line":9,"column":23},"end":{"line":9,"column":24}},"loc":{"start":{"line":9,"column":47},"end":{"line":16,"column":null}},"line":9},"2":{"name":"(anonymous_2)","decl":{"start":{"line":27,"column":18},"end":{"line":27,"column":19}},"loc":{"start":{"line":27,"column":25},"end":{"line":27,"column":null}},"line":27},"3":{"name":"(anonymous_3)","decl":{"start":{"line":34,"column":18},"end":{"line":34,"column":19}},"loc":{"start":{"line":34,"column":25},"end":{"line":34,"column":null}},"line":34}},"branchMap":{"0":{"loc":{"start":{"line":11,"column":4},"end":{"line":11,"column":null}},"type":"if","locations":[{"start":{"line":11,"column":4},"end":{"line":11,"column":null}},{"start":{},"end":{}}],"line":11},"1":{"loc":{"start":{"line":11,"column":8},"end":{"line":11,"column":40}},"type":"binary-expr","locations":[{"start":{"line":11,"column":8},"end":{"line":11,"column":25}},{"start":{"line":11,"column":25},"end":{"line":11,"column":40}}],"line":11}},"s":{"0":1,"1":3,"2":3,"3":3,"4":3,"5":0,"6":0,"7":0,"8":0,"9":0,"10":0,"11":3,"12":0,"13":0},"f":{"0":3,"1":0,"2":0,"3":0},"b":{"0":[0,0],"1":[0,0]},"meta":{"lastBranch":2,"lastFunction":4,"lastStatement":14,"seen":{"s:4:24:45:Infinity":0,"f:4:24:4:30":0,"s:5:18:5:Infinity":1,"s:6:24:6:Infinity":2,"s:7:24:7:Infinity":3,"s:9:23:16:Infinity":4,"f:9:23:9:24":1,"s:10:4:10:Infinity":5,"b:11:4:11:Infinity:undefined:undefined:undefined:undefined":0,"s:11:4:11:Infinity":6,"b:11:8:11:25:11:25:11:40":1,"s:11:40:11:Infinity":7,"s:13:4:13:Infinity":8,"s:14:4:14:Infinity":9,"s:15:4:15:Infinity":10,"s:18:2:43:Infinity":11,"f:27:18:27:19":2,"s:27:25:27:Infinity":12,"f:34:18:34:19":3,"s:34:25:34:Infinity":13}}}
,"/home/jdvalmart/proyectos/book-tracker/frontend/src/components/BookItem.tsx": {"path":"/home/jdvalmart/proyectos/book-tracker/frontend/src/components/BookItem.tsx","statementMap":{"0":{"start":{"line":8,"column":24},"end":{"line":41,"column":null}},"1":{"start":{"line":9,"column":33},"end":{"line":9,"column":null}},"2":{"start":{"line":11,"column":21},"end":{"line":13,"column":null}},"3":{"start":{"line":12,"column":4},"end":{"line":12,"column":null}},"4":{"start":{"line":15,"column":2},"end":{"line":39,"column":null}},"5":{"start":{"line":33,"column":25},"end":{"line":33,"column":null}}},"fnMap":{"0":{"name":"(anonymous_0)","decl":{"start":{"line":8,"column":24},"end":{"line":8,"column":25}},"loc":{"start":{"line":8,"column":45},"end":{"line":41,"column":null}},"line":8},"1":{"name":"(anonymous_1)","decl":{"start":{"line":11,"column":21},"end":{"line":11,"column":27}},"loc":{"start":{"line":11,"column":27},"end":{"line":13,"column":null}},"line":11},"2":{"name":"(anonymous_2)","decl":{"start":{"line":33,"column":19},"end":{"line":33,"column":25}},"loc":{"start":{"line":33,"column":25},"end":{"line":33,"column":null}},"line":33}},"branchMap":{"0":{"loc":{"start":{"line":19,"column":38},"end":{"line":19,"column":83}},"type":"cond-expr","locations":[{"start":{"line":19,"column":50},"end":{"line":19,"column":81}},{"start":{"line":19,"column":81},"end":{"line":19,"column":83}}],"line":19},"1":{"loc":{"start":{"line":28,"column":50},"end":{"line":28,"column":116}},"type":"cond-expr","locations":[{"start":{"line":28,"column":62},"end":{"line":28,"column":91}},{"start":{"line":28,"column":91},"end":{"line":28,"column":116}}],"line":28},"2":{"loc":{"start":{"line":30,"column":11},"end":{"line":30,"column":null}},"type":"cond-expr","locations":[{"start":{"line":30,"column":23},"end":{"line":30,"column":36}},{"start":{"line":30,"column":36},"end":{"line":30,"column":null}}],"line":30}},"s":{"0":1,"1":0,"2":0,"3":0,"4":0,"5":0},"f":{"0":0,"1":0,"2":0},"b":{"0":[0,0],"1":[0,0],"2":[0,0]},"meta":{"lastBranch":3,"lastFunction":3,"lastStatement":6,"seen":{"s:8:24:41:Infinity":0,"f:8:24:8:25":0,"s:9:33:9:Infinity":1,"s:11:21:13:Infinity":2,"f:11:21:11:27":1,"s:12:4:12:Infinity":3,"s:15:2:39:Infinity":4,"b:19:50:19:81:19:81:19:83":0,"b:28:62:28:91:28:91:28:116":1,"b:30:23:30:36:30:36:30:Infinity":2,"f:33:19:33:25":2,"s:33:25:33:Infinity":5}}}
,"/home/jdvalmart/proyectos/book-tracker/frontend/src/components/BookList.tsx": {"path":"/home/jdvalmart/proyectos/book-tracker/frontend/src/components/BookList.tsx","statementMap":{"0":{"start":{"line":4,"column":24},"end":{"line":18,"column":null}},"1":{"start":{"line":5,"column":16},"end":{"line":5,"column":null}},"2":{"start":{"line":7,"column":2},"end":{"line":9,"column":null}},"3":{"start":{"line":8,"column":4},"end":{"line":8,"column":null}},"4":{"start":{"line":11,"column":2},"end":{"line":16,"column":null}},"5":{"start":{"line":14,"column":8},"end":{"line":14,"column":null}}},"fnMap":{"0":{"name":"(anonymous_0)","decl":{"start":{"line":4,"column":24},"end":{"line":4,"column":30}},"loc":{"start":{"line":4,"column":30},"end":{"line":18,"column":null}},"line":4},"1":{"name":"(anonymous_1)","decl":{"start":{"line":13,"column":17},"end":{"line":13,"column":18}},"loc":{"start":{"line":14,"column":8},"end":{"line":14,"column":null}},"line":14}},"branchMap":{"0":{"loc":{"start":{"line":7,"column":2},"end":{"line":9,"column":null}},"type":"if","locations":[{"start":{"line":7,"column":2},"end":{"line":9,"column":null}},{"start":{},"end":{}}],"line":7}},"s":{"0":1,"1":1,"2":1,"3":1,"4":0,"5":0},"f":{"0":1,"1":0},"b":{"0":[1,0]},"meta":{"lastBranch":1,"lastFunction":2,"lastStatement":6,"seen":{"s:4:24:18:Infinity":0,"f:4:24:4:30":0,"s:5:16:5:Infinity":1,"b:7:2:9:Infinity:undefined:undefined:undefined:undefined":0,"s:7:2:9:Infinity":2,"s:8:4:8:Infinity":3,"s:11:2:16:Infinity":4,"f:13:17:13:18":1,"s:14:8:14:Infinity":5}}}
,"/home/jdvalmart/proyectos/book-tracker/frontend/src/context/BookContext.tsx": {"path":"/home/jdvalmart/proyectos/book-tracker/frontend/src/context/BookContext.tsx","statementMap":{"0":{"start":{"line":14,"column":6},"end":{"line":14,"column":null}},"1":{"start":{"line":16,"column":28},"end":{"line":71,"column":null}},"2":{"start":{"line":17,"column":24},"end":{"line":17,"column":null}},"3":{"start":{"line":19,"column":21},"end":{"line":26,"column":null}},"4":{"start":{"line":20,"column":4},"end":{"line":25,"column":null}},"5":{"start":{"line":21,"column":18},"end":{"line":21,"column":null}},"6":{"start":{"line":22,"column":6},"end":{"line":22,"column":null}},"7":{"start":{"line":24,"column":6},"end":{"line":24,"column":null}},"8":{"start":{"line":28,"column":18},"end":{"line":35,"column":null}},"9":{"start":{"line":29,"column":4},"end":{"line":34,"column":null}},"10":{"start":{"line":30,"column":18},"end":{"line":30,"column":null}},"11":{"start":{"line":31,"column":6},"end":{"line":31,"column":null}},"12":{"start":{"line":31,"column":25},"end":{"line":31,"column":44}},"13":{"start":{"line":33,"column":6},"end":{"line":33,"column":null}},"14":{"start":{"line":37,"column":21},"end":{"line":49,"column":null}},"15":{"start":{"line":38,"column":4},"end":{"line":48,"column":null}},"16":{"start":{"line":39,"column":41},"end":{"line":39,"column":null}},"17":{"start":{"line":40,"column":18},"end":{"line":44,"column":null}},"18":{"start":{"line":45,"column":6},"end":{"line":45,"column":null}},"19":{"start":{"line":45,"column":25},"end":{"line":45,"column":70}},"20":{"start":{"line":45,"column":42},"end":{"line":45,"column":69}},"21":{"start":{"line":47,"column":6},"end":{"line":47,"column":null}},"22":{"start":{"line":51,"column":21},"end":{"line":58,"column":null}},"23":{"start":{"line":52,"column":4},"end":{"line":57,"column":null}},"24":{"start":{"line":53,"column":6},"end":{"line":53,"column":null}},"25":{"start":{"line":54,"column":6},"end":{"line":54,"column":null}},"26":{"start":{"line":54,"column":25},"end":{"line":54,"column":56}},"27":{"start":{"line":54,"column":44},"end":{"line":54,"column":55}},"28":{"start":{"line":56,"column":6},"end":{"line":56,"column":null}},"29":{"start":{"line":60,"column":2},"end":{"line":62,"column":null}},"30":{"start":{"line":61,"column":4},"end":{"line":61,"column":null}},"31":{"start":{"line":64,"column":2},"end":{"line":69,"column":null}},"32":{"start":{"line":73,"column":24},"end":{"line":77,"column":null}},"33":{"start":{"line":74,"column":8},"end":{"line":74,"column":null}},"34":{"start":{"line":75,"column":2},"end":{"line":75,"column":null}},"35":{"start":{"line":75,"column":16},"end":{"line":75,"column":null}},"36":{"start":{"line":76,"column":2},"end":{"line":76,"column":null}}},"fnMap":{"0":{"name":"(anonymous_0)","decl":{"start":{"line":16,"column":28},"end":{"line":16,"column":29}},"loc":{"start":{"line":16,"column":71},"end":{"line":71,"column":null}},"line":16},"1":{"name":"(anonymous_1)","decl":{"start":{"line":19,"column":21},"end":{"line":19,"column":33}},"loc":{"start":{"line":19,"column":33},"end":{"line":26,"column":null}},"line":19},"2":{"name":"(anonymous_2)","decl":{"start":{"line":28,"column":18},"end":{"line":28,"column":25}},"loc":{"start":{"line":28,"column":52},"end":{"line":35,"column":null}},"line":28},"3":{"name":"(anonymous_3)","decl":{"start":{"line":31,"column":15},"end":{"line":31,"column":16}},"loc":{"start":{"line":31,"column":25},"end":{"line":31,"column":44}},"line":31},"4":{"name":"(anonymous_4)","decl":{"start":{"line":37,"column":21},"end":{"line":37,"column":28}},"loc":{"start":{"line":37,"column":43},"end":{"line":49,"column":null}},"line":37},"5":{"name":"(anonymous_5)","decl":{"start":{"line":45,"column":15},"end":{"line":45,"column":16}},"loc":{"start":{"line":45,"column":25},"end":{"line":45,"column":70}},"line":45},"6":{"name":"(anonymous_6)","decl":{"start":{"line":45,"column":34},"end":{"line":45,"column":35}},"loc":{"start":{"line":45,"column":42},"end":{"line":45,"column":69}},"line":45},"7":{"name":"(anonymous_7)","decl":{"start":{"line":51,"column":21},"end":{"line":51,"column":28}},"loc":{"start":{"line":51,"column":43},"end":{"line":58,"column":null}},"line":51},"8":{"name":"(anonymous_8)","decl":{"start":{"line":54,"column":15},"end":{"line":54,"column":16}},"loc":{"start":{"line":54,"column":25},"end":{"line":54,"column":56}},"line":54},"9":{"name":"(anonymous_9)","decl":{"start":{"line":54,"column":37},"end":{"line":54,"column":38}},"loc":{"start":{"line":54,"column":44},"end":{"line":54,"column":55}},"line":54},"10":{"name":"(anonymous_10)","decl":{"start":{"line":60,"column":12},"end":{"line":60,"column":18}},"loc":{"start":{"line":60,"column":18},"end":{"line":62,"column":5}},"line":60},"11":{"name":"(anonymous_11)","decl":{"start":{"line":73,"column":24},"end":{"line":73,"column":30}},"loc":{"start":{"line":73,"column":30},"end":{"line":77,"column":null}},"line":73}},"branchMap":{"0":{"loc":{"start":{"line":45,"column":42},"end":{"line":45,"column":69}},"type":"cond-expr","locations":[{"start":{"line":45,"column":56},"end":{"line":45,"column":67}},{"start":{"line":45,"column":67},"end":{"line":45,"column":69}}],"line":45},"1":{"loc":{"start":{"line":75,"column":2},"end":{"line":75,"column":null}},"type":"if","locations":[{"start":{"line":75,"column":2},"end":{"line":75,"column":null}},{"start":{},"end":{}}],"line":75}},"s":{"0":3,"1":3,"2":4,"3":4,"4":4,"5":4,"6":0,"7":0,"8":4,"9":0,"10":0,"11":0,"12":0,"13":0,"14":4,"15":0,"16":0,"17":0,"18":0,"19":0,"20":0,"21":0,"22":4,"23":0,"24":0,"25":0,"26":0,"27":0,"28":0,"29":4,"30":4,"31":4,"32":3,"33":7,"34":7,"35":2,"36":4},"f":{"0":4,"1":4,"2":0,"3":0,"4":0,"5":0,"6":0,"7":0,"8":0,"9":0,"10":4,"11":7},"b":{"0":[0,0],"1":[2,5]},"meta":{"lastBranch":2,"lastFunction":12,"lastStatement":37,"seen":{"s:14:6:14:Infinity":0,"s:16:28:71:Infinity":1,"f:16:28:16:29":0,"s:17:24:17:Infinity":2,"s:19:21:26:Infinity":3,"f:19:21:19:33":1,"s:20:4:25:Infinity":4,"s:21:18:21:Infinity":5,"s:22:6:22:Infinity":6,"s:24:6:24:Infinity":7,"s:28:18:35:Infinity":8,"f:28:18:28:25":2,"s:29:4:34:Infinity":9,"s:30:18:30:Infinity":10,"s:31:6:31:Infinity":11,"f:31:15:31:16":3,"s:31:25:31:44":12,"s:33:6:33:Infinity":13,"s:37:21:49:Infinity":14,"f:37:21:37:28":4,"s:38:4:48:Infinity":15,"s:39:41:39:Infinity":16,"s:40:18:44:Infinity":17,"s:45:6:45:Infinity":18,"f:45:15:45:16":5,"s:45:25:45:70":19,"f:45:34:45:35":6,"s:45:42:45:69":20,"b:45:56:45:67:45:67:45:69":0,"s:47:6:47:Infinity":21,"s:51:21:58:Infinity":22,"f:51:21:51:28":7,"s:52:4:57:Infinity":23,"s:53:6:53:Infinity":24,"s:54:6:54:Infinity":25,"f:54:15:54:16":8,"s:54:25:54:56":26,"f:54:37:54:38":9,"s:54:44:54:55":27,"s:56:6:56:Infinity":28,"s:60:2:62:Infinity":29,"f:60:12:60:18":10,"s:61:4:61:Infinity":30,"s:64:2:69:Infinity":31,"s:73:24:77:Infinity":32,"f:73:24:73:30":11,"s:74:8:74:Infinity":33,"b:75:2:75:Infinity:undefined:undefined:undefined:undefined":1,"s:75:2:75:Infinity":34,"s:75:16:75:Infinity":35,"s:76:2:76:Infinity":36}}}
}
